<?xml version="1.0" encoding="UTF-8"?>
<!-- Generated by org.testng.reporters.JUnitXMLReporter -->
<testsuite hostname="nkp-PC" ignored="0" name="Apple Application Test Cases" tests="3" failures="0" timestamp="19 Feb 2018 18:17:20 GMT" time="1.29" errors="0">
  <testcase name="@BeforeMethod setUp" time="0.0" classname="com.apple.testcases.Scenario">
    <failure type="org.testng.TestNGException" message="
Parameter &amp;apos;browser&amp;apos; is required by BeforeMethod on method setUp but has not been marked @Optional or defined
in D:\study\ALL PROGRAMS\eclipse workspace\AppleTest\src\main\resources\TestngFile\testng_sanity.xml">
      <![CDATA[org.testng.TestNGException: 
Parameter 'browser' is required by BeforeMethod on method setUp but has not been marked @Optional or defined
in D:\study\ALL PROGRAMS\eclipse workspace\AppleTest\src\main\resources\TestngFile\testng_sanity.xml
	at org.testng.internal.Parameters.createParameters(Parameters.java:199)
	at org.testng.internal.Parameters.createParameters(Parameters.java:443)
	at org.testng.internal.Parameters.createConfigurationParameters(Parameters.java:118)
	at org.testng.internal.Invoker.invokeConfigurations(Invoker.java:206)
	at org.testng.internal.Invoker.invokeMethod(Invoker.java:599)
	at org.testng.internal.Invoker.invokeTestMethod(Invoker.java:869)
	at org.testng.internal.Invoker.invokeTestMethods(Invoker.java:1193)
	at org.testng.internal.TestMethodWorker.invokeTestMethods(TestMethodWorker.java:126)
	at org.testng.internal.TestMethodWorker.run(TestMethodWorker.java:109)
	at org.testng.TestRunner.privateRun(TestRunner.java:744)
	at org.testng.TestRunner.run(TestRunner.java:602)
	at org.testng.SuiteRunner.runTest(SuiteRunner.java:380)
	at org.testng.SuiteRunner.access$000(SuiteRunner.java:39)
	at org.testng.SuiteRunner$SuiteWorker.run(SuiteRunner.java:414)
	at org.testng.internal.thread.ThreadUtil$1.call(ThreadUtil.java:52)
	at java.util.concurrent.FutureTask.run(FutureTask.java:266)
	at java.util.concurrent.ThreadPoolExecutor.runWorker(ThreadPoolExecutor.java:1149)
	at java.util.concurrent.ThreadPoolExecutor$Worker.run(ThreadPoolExecutor.java:624)
	at java.lang.Thread.run(Thread.java:748)
]]>
    </failure>
  </testcase> <!-- @BeforeMethod setUp -->
  <testcase name="@BeforeMethod setUp" time="0.0" classname="com.apple.testcases.Scenario">
    <skipped/>
  </testcase> <!-- @BeforeMethod setUp -->
  <testcase name="@BeforeMethod setUp" time="0.0" classname="com.apple.testcases.Scenario">
    <skipped/>
  </testcase> <!-- @BeforeMethod setUp -->
  <testcase name="UserCredentialsCheckingTest" time="0.0" classname="com.apple.testcases.Scenario">
    <skipped/>
  </testcase> <!-- UserCredentialsCheckingTest -->
  <testcase name="UserCredentialsCheckingTest" time="0.0" classname="com.apple.testcases.Scenario">
    <skipped/>
  </testcase> <!-- UserCredentialsCheckingTest -->
  <testcase name="UserCredentialsCheckingTest" time="0.0" classname="com.apple.testcases.Scenario">
    <skipped/>
  </testcase> <!-- UserCredentialsCheckingTest -->
</testsuite> <!-- Apple Application Test Cases -->
